Start time: 23:33:24 on Jan 21,2023
qverilog 5.sv 
-- Compiling module top
** Warning: 5.sv(18): (qverilog-2240) Treating stand-alone use of function 'randomize' as an implicit VOID cast.

Top level modules:
	top
# vsim -lib work work.top -c -do "run -all; quit -f" -appendlog -l qverilog.log -vopt 
# ** Note: (vsim-3813) Design is being optimized due to module recompilation...
# ** Warning: 5.sv(18): (vopt-2240) Treating stand-alone use of function 'randomize' as an implicit VOID cast.
# ** Note: (vsim-12126) Error and warning message counts have been restored: Errors=0, Warnings=2.
# //  Questa Sim
# //  Version 2022.1 linux Jan 29 2022
# //
# //  Copyright 1991-2022 Mentor Graphics Corporation
# //  All Rights Reserved.
# //
# //  QuestaSim and its associated documentation contain trade
# //  secrets and commercial or financial information that are the property of
# //  Mentor Graphics Corporation and are privileged, confidential,
# //  and exempt from disclosure under the Freedom of Information Act,
# //  5 U.S.C. Section 552. Furthermore, this information
# //  is prohibited from disclosure under the Trade Secrets Act,
# //  18 U.S.C. Section 1905.
# //
# Loading sv_std.std
# Loading work.top(fast)
# run -all
# child: '{a:2, a:4}
# child: '{a:1, a:4}
# child: '{a:2, a:3}
# child: '{a:0, a:3}
# child: '{a:2, a:2}
# child: '{a:2, a:2}
# child: '{a:1, a:3}
#  quit -f
# End time: 23:33:25 on Jan 21,2023, Elapsed time: 0:00:01
# Errors: 0, Warnings: 2
